<?xml version="1.0" encoding="UTF-8"?>
<!-- Generated by org.testng.reporters.JUnitReportReporter -->
<testsuite hostname="QPaaSICNV5647" failures="0" tests="1" name="SampleDemo" time="0.034" errors="0" timestamp="2025-03-10T02:20:10 PDT" skipped="0">
  <testcase classname="SampleDemo" name="test" time="0.034"/>
  <system-out/>
</testsuite> <!-- SampleDemo -->
