<?xml version="1.0" encoding="UTF-8"?>
<!-- Generated by org.testng.reporters.JUnitReportReporter -->
<testsuite hostname="QPaaSICNV5647" failures="0" tests="1" name="Test.SampleDemo" time="0.035" errors="0" timestamp="2025-03-10T02:24:26 PDT" skipped="0">
  <testcase classname="Test.SampleDemo" name="test" time="0.035"/>
  <system-out/>
</testsuite> <!-- Test.SampleDemo -->
